<?xml version="1.0" encoding="UTF-8"?>
<!-- Generated by org.testng.reporters.JUnitXMLReporter -->
<testsuite ignored="0" hostname="LTIN523454" failures="0" tests="3" name="Test2" time="0.141" errors="0" timestamp="2025-02-03T14:30:16 IST">
  <testcase classname="com.hackathon.DriverSetup" name="testWebDevelopmentCourse" time="0.0">
    <skipped/>
  </testcase> <!-- testWebDevelopmentCourse -->
  <testcase classname="com.hackathon.DriverSetup" name="testLearningLanguage" time="0.0">
    <skipped/>
  </testcase> <!-- testLearningLanguage -->
  <testcase classname="com.hackathon.DriverSetup" name="testForEnterprises" time="0.0">
    <skipped/>
  </testcase> <!-- testForEnterprises -->
</testsuite> <!-- Test2 -->
