<?xml version="1.0" encoding="UTF-8"?>
<!-- Generated by org.testng.reporters.JUnitXMLReporter -->
<testsuite ignored="0" hostname="LTIN522074" failures="0" tests="3" name="Test" time="52.784" errors="0" timestamp="2025-01-29T11:34:01 IST">
  <testcase classname="DriverSetup" name="testwebdevelopmentcourse" time="11.675"/>
  <testcase classname="DriverSetup" name="testlearninglanguage" time="6.11"/>
  <testcase classname="DriverSetup" name="testforenterprises" time="19.707"/>
</testsuite> <!-- Test -->
