<?xml version="1.0" encoding="UTF-8"?>
<!-- Generated by org.testng.reporters.JUnitXMLReporter -->
<testsuite ignored="0" hostname="LTIN523454" failures="0" tests="3" name="Default test" time="37.885" errors="0" timestamp="2025-02-03T08:51:10 IST">
  <testcase classname="com.hackathon.DriverSetup" name="testWebDevelopmentCourse" time="6.981"/>
  <testcase classname="com.hackathon.DriverSetup" name="testLearningLanguage" time="3.237"/>
  <testcase classname="com.hackathon.DriverSetup" name="testForEnterprises" time="17.633"/>
</testsuite> <!-- Default test -->
